Build started 2/1/2016 3:49:20 PM.
     1>Project "C:\Users\Group34\documents\visual studio 2013\Projects\dubAPIs\dubAPIs\dubAPIs.vcxproj" on node 2 (Build target(s)).
     1>ClCompile:
         C:\Program Files (x86)\Microsoft Visual Studio 12.0\VC\bin\CL.exe /c /IC:\OpenCV\build\lib\Release /IC:\OpenCV\build\include\opencv2 /I"C:\Program Files (x86)\Intel\PCSDK\sample\common\lib\x64\v120" /IC:\OpenCV\Build\x64\vc11\..\..\include /ZI /nologo /W3 /WX- /sdl /Od /Oy- /D WIN32 /D _DEBUG /D _CONSOLE /D _LIB /D _UNICODE /D UNICODE /Gm /EHsc /RTC1 /MTd /GS /fp:precise /Zc:wchar_t /Zc:forScope /Fo"Debug\\" /Fd"Debug\vc120.pdb" /Gd /TP /analyze- /errorReport:prompt "..\..\OpenCV-Test\OpenCV-Test\IntelSDK\pxcmsensemanager.cpp" Source.cpp
         Source.cpp
     1>c:\users\group34\documents\visual studio 2013\projects\dubapis\dubapis\source.cpp(4): fatal error C1083: Cannot open include file: 'pxcsensemanager.h': No such file or directory
         pxcmsensemanager.cpp
     1>c:\users\group34\documents\visual studio 2013\projects\opencv-test\opencv-test\intelsdk\pxcmsensemanager.cpp(10): fatal error C1083: Cannot open include file: 'cpp2c.h': No such file or directory
         Generating Code...
     1>Done Building Project "C:\Users\Group34\documents\visual studio 2013\Projects\dubAPIs\dubAPIs\dubAPIs.vcxproj" (Build target(s)) -- FAILED.

Build FAILED.

Time Elapsed 00:00:00.85
